C:\Users\amand\OneDrive\Backups\17. Madhav Automotive\7. Grooving Servo Machine\4. Drawing and Manual\Groove cutting machine drawing (1).dwg,Page 13 (2),21-03-2024 21:30:07,amand,AutoCAD PDF (General Documentation).pc3,ISO full bleed A4 (210.00 x 297.00 MM),1:1,
C:\Users\amand\OneDrive\Backups\17. Madhav Automotive\7. Grooving Servo Machine\4. Drawing and Manual\Groove cutting machine drawing (1).dwg,Page 3,21-03-2024 21:31:11,amand,AutoCAD PDF (General Documentation).pc3,ISO A4 (210.00 x 297.00 MM),1:1,
C:\Users\amand\OneDrive\Backups\17. Madhav Automotive\7. Grooving Servo Machine\4. Drawing and Manual\Groove cutting machine drawing (1).dwg,Page 4,21-03-2024 21:31:22,amand,AutoCAD PDF (General Documentation).pc3,ISO A4 (210.00 x 297.00 MM),1:1,
C:\Users\amand\OneDrive\Backups\17. Madhav Automotive\7. Grooving Servo Machine\4. Drawing and Manual\Groove cutting machine drawing (1).dwg,Page 5,21-03-2024 21:31:30,amand,AutoCAD PDF (General Documentation).pc3,ISO A4 (210.00 x 297.00 MM),1:1,
C:\Users\amand\OneDrive\Backups\17. Madhav Automotive\7. Grooving Servo Machine\4. Drawing and Manual\Groove cutting machine drawing (1).dwg,Page 6,21-03-2024 21:31:40,amand,AutoCAD PDF (General Documentation).pc3,ISO A4 (210.00 x 297.00 MM),1:1,
C:\Users\amand\OneDrive\Backups\17. Madhav Automotive\7. Grooving Servo Machine\4. Drawing and Manual\Groove cutting machine drawing (1).dwg,Page 8,21-03-2024 21:31:48,amand,AutoCAD PDF (General Documentation).pc3,ISO A4 (210.00 x 297.00 MM),1:1,
C:\Users\amand\OneDrive\Backups\17. Madhav Automotive\7. Grooving Servo Machine\4. Drawing and Manual\Groove cutting machine drawing (1).dwg,Page 8,21-03-2024 21:31:55,amand,AutoCAD PDF (General Documentation).pc3,ISO A4 (210.00 x 297.00 MM),1:1,
C:\Users\amand\OneDrive\Backups\17. Madhav Automotive\7. Grooving Servo Machine\4. Drawing and Manual\Groove cutting machine drawing (1).dwg,Page 12,21-03-2024 21:32:11,amand,AutoCAD PDF (General Documentation).pc3,ISO full bleed A4 (210.00 x 297.00 MM),1:1,
C:\Users\amand\OneDrive\Backups\17. Madhav Automotive\7. Grooving Servo Machine\4. Drawing and Manual\Groove cutting machine drawing (1).dwg,Page 13,21-03-2024 21:33:34,amand,AutoCAD PDF (General Documentation).pc3,ISO full bleed A4 (210.00 x 297.00 MM),1:1,
C:\Users\amand\OneDrive\Backups\17. Madhav Automotive\7. Grooving Servo Machine\4. Drawing and Manual\Groove cutting machine drawing (1).dwg,Page 14,21-03-2024 21:33:45,amand,AutoCAD PDF (General Documentation).pc3,ISO full bleed A4 (210.00 x 297.00 MM),1:1,
C:\Users\amand\OneDrive\Backups\17. Madhav Automotive\7. Grooving Servo Machine\4. Drawing and Manual\Groove cutting machine drawing (1).dwg,Page 15,21-03-2024 21:33:55,amand,AutoCAD PDF (General Documentation).pc3,ISO full bleed A4 (210.00 x 297.00 MM),1:1,
C:\Users\amand\OneDrive\Backups\17. Madhav Automotive\7. Grooving Servo Machine\4. Drawing and Manual\Groove cutting machine drawing (1).dwg,Page 16,21-03-2024 21:34:08,amand,AutoCAD PDF (General Documentation).pc3,ISO full bleed A4 (210.00 x 297.00 MM),1:1,
C:\Users\amand\OneDrive\Backups\17. Madhav Automotive\7. Grooving Servo Machine\4. Drawing and Manual\Groove cutting machine drawing (1).dwg,Page 13 (2),22-03-2024 17:56:04,amand,AutoCAD PDF (General Documentation).pc3,ISO full bleed A4 (210.00 x 297.00 MM),1:1,
C:\Users\amand\OneDrive\Backups\17. Madhav Automotive\7. Grooving Servo Machine\4. Drawing and Manual\Groove cutting machine drawing (1).dwg,TITLE,22-03-2024 17:56:05,amand,AutoCAD PDF (General Documentation).pc3,ISO A4 (210.00 x 297.00 MM),1:1,
C:\Users\amand\OneDrive\Backups\17. Madhav Automotive\7. Grooving Servo Machine\4. Drawing and Manual\Groove cutting machine drawing (1).dwg,Contents,22-03-2024 17:56:05,amand,AutoCAD PDF (General Documentation).pc3,ISO A4 (210.00 x 297.00 MM),1:1,
C:\Users\amand\OneDrive\Backups\17. Madhav Automotive\7. Grooving Servo Machine\4. Drawing and Manual\Groove cutting machine drawing (1).dwg,Page 1,22-03-2024 17:56:05,amand,AutoCAD PDF (General Documentation).pc3,ISO A4 (210.00 x 297.00 MM),1:1,
C:\Users\amand\OneDrive\Backups\17. Madhav Automotive\7. Grooving Servo Machine\4. Drawing and Manual\Groove cutting machine drawing (1).dwg,Page 2,22-03-2024 17:56:06,amand,AutoCAD PDF (General Documentation).pc3,ISO A4 (210.00 x 297.00 MM),1:1,
C:\Users\amand\OneDrive\Backups\17. Madhav Automotive\7. Grooving Servo Machine\4. Drawing and Manual\Groove cutting machine drawing (1).dwg,Page 3,22-03-2024 17:56:06,amand,AutoCAD PDF (General Documentation).pc3,ISO A4 (210.00 x 297.00 MM),1:1,
C:\Users\amand\OneDrive\Backups\17. Madhav Automotive\7. Grooving Servo Machine\4. Drawing and Manual\Groove cutting machine drawing (1).dwg,Page 4,22-03-2024 17:56:06,amand,AutoCAD PDF (General Documentation).pc3,ISO A4 (210.00 x 297.00 MM),1:1,
C:\Users\amand\OneDrive\Backups\17. Madhav Automotive\7. Grooving Servo Machine\4. Drawing and Manual\Groove cutting machine drawing (1).dwg,Page 5,22-03-2024 17:56:07,amand,AutoCAD PDF (General Documentation).pc3,ISO A4 (210.00 x 297.00 MM),1:1,
C:\Users\amand\OneDrive\Backups\17. Madhav Automotive\7. Grooving Servo Machine\4. Drawing and Manual\Groove cutting machine drawing (1).dwg,Page 6,22-03-2024 17:56:07,amand,AutoCAD PDF (General Documentation).pc3,ISO A4 (210.00 x 297.00 MM),1:1,
C:\Users\amand\OneDrive\Backups\17. Madhav Automotive\7. Grooving Servo Machine\4. Drawing and Manual\Groove cutting machine drawing (1).dwg,Page 7,22-03-2024 17:56:07,amand,AutoCAD PDF (General Documentation).pc3,ISO full bleed A4 (210.00 x 297.00 MM),1:1,
C:\Users\amand\OneDrive\Backups\17. Madhav Automotive\7. Grooving Servo Machine\4. Drawing and Manual\Groove cutting machine drawing (1).dwg,Page 8,22-03-2024 17:56:08,amand,AutoCAD PDF (General Documentation).pc3,ISO full bleed A4 (210.00 x 297.00 MM),1:1,
C:\Users\amand\OneDrive\Backups\17. Madhav Automotive\7. Grooving Servo Machine\4. Drawing and Manual\Groove cutting machine drawing (1).dwg,Page 9,22-03-2024 17:56:08,amand,AutoCAD PDF (General Documentation).pc3,ISO full bleed A4 (210.00 x 297.00 MM),1:1,
C:\Users\amand\OneDrive\Backups\17. Madhav Automotive\7. Grooving Servo Machine\4. Drawing and Manual\Groove cutting machine drawing (1).dwg,Page 10,22-03-2024 17:56:08,amand,AutoCAD PDF (General Documentation).pc3,ISO full bleed A4 (210.00 x 297.00 MM),1:1,
C:\Users\amand\OneDrive\Backups\17. Madhav Automotive\7. Grooving Servo Machine\4. Drawing and Manual\Groove cutting machine drawing (1).dwg,Page 11,22-03-2024 17:56:09,amand,AutoCAD PDF (General Documentation).pc3,ISO A4 (210.00 x 297.00 MM),1:1,
C:\Users\amand\OneDrive\Backups\17. Madhav Automotive\7. Grooving Servo Machine\4. Drawing and Manual\Groove cutting machine drawing (1).dwg,Page 12,22-03-2024 17:56:09,amand,AutoCAD PDF (General Documentation).pc3,ISO full bleed A4 (210.00 x 297.00 MM),1:1,
C:\Users\amand\OneDrive\Backups\17. Madhav Automotive\7. Grooving Servo Machine\4. Drawing and Manual\Groove cutting machine drawing (1).dwg,Page 13 (2),08-04-2024 14:14:32,amand,AutoCAD PDF (General Documentation).pc3,ISO full bleed A4 (210.00 x 297.00 MM),1:1,
C:\Users\amand\OneDrive\Backups\17. Madhav Automotive\7. Grooving Servo Machine\4. Drawing and Manual\Groove cutting machine drawing (1).dwg,TITLE,08-04-2024 14:14:33,amand,AutoCAD PDF (General Documentation).pc3,ISO A4 (210.00 x 297.00 MM),1:1,
C:\Users\amand\OneDrive\Backups\17. Madhav Automotive\7. Grooving Servo Machine\4. Drawing and Manual\Groove cutting machine drawing (1).dwg,Contents,08-04-2024 14:14:34,amand,AutoCAD PDF (General Documentation).pc3,ISO A4 (210.00 x 297.00 MM),1:1,
C:\Users\amand\OneDrive\Backups\17. Madhav Automotive\7. Grooving Servo Machine\4. Drawing and Manual\Groove cutting machine drawing (1).dwg,Page 1,08-04-2024 14:14:34,amand,AutoCAD PDF (General Documentation).pc3,ISO A4 (210.00 x 297.00 MM),1:1,
C:\Users\amand\OneDrive\Backups\17. Madhav Automotive\7. Grooving Servo Machine\4. Drawing and Manual\Groove cutting machine drawing (1).dwg,Page 2,08-04-2024 14:14:34,amand,AutoCAD PDF (General Documentation).pc3,ISO A4 (210.00 x 297.00 MM),1:1,
C:\Users\amand\OneDrive\Backups\17. Madhav Automotive\7. Grooving Servo Machine\4. Drawing and Manual\Groove cutting machine drawing (1).dwg,Page 3,08-04-2024 14:14:35,amand,AutoCAD PDF (General Documentation).pc3,ISO A4 (210.00 x 297.00 MM),1:1,
C:\Users\amand\OneDrive\Backups\17. Madhav Automotive\7. Grooving Servo Machine\4. Drawing and Manual\Groove cutting machine drawing (1).dwg,Page 4,08-04-2024 14:14:35,amand,AutoCAD PDF (General Documentation).pc3,ISO A4 (210.00 x 297.00 MM),1:1,
C:\Users\amand\OneDrive\Backups\17. Madhav Automotive\7. Grooving Servo Machine\4. Drawing and Manual\Groove cutting machine drawing (1).dwg,Page 5,08-04-2024 14:14:35,amand,AutoCAD PDF (General Documentation).pc3,ISO A4 (210.00 x 297.00 MM),1:1,
C:\Users\amand\OneDrive\Backups\17. Madhav Automotive\7. Grooving Servo Machine\4. Drawing and Manual\Groove cutting machine drawing (1).dwg,Page 6,08-04-2024 14:14:35,amand,AutoCAD PDF (General Documentation).pc3,ISO A4 (210.00 x 297.00 MM),1:1,
C:\Users\amand\OneDrive\Backups\17. Madhav Automotive\7. Grooving Servo Machine\4. Drawing and Manual\Groove cutting machine drawing (1).dwg,Page 7,08-04-2024 14:14:36,amand,AutoCAD PDF (General Documentation).pc3,ISO full bleed A4 (210.00 x 297.00 MM),1:1,
C:\Users\amand\OneDrive\Backups\17. Madhav Automotive\7. Grooving Servo Machine\4. Drawing and Manual\Groove cutting machine drawing (1).dwg,Page 8,08-04-2024 14:14:36,amand,AutoCAD PDF (General Documentation).pc3,ISO full bleed A4 (210.00 x 297.00 MM),1:1,
C:\Users\amand\OneDrive\Backups\17. Madhav Automotive\7. Grooving Servo Machine\4. Drawing and Manual\Groove cutting machine drawing (1).dwg,Page 9,08-04-2024 14:14:37,amand,AutoCAD PDF (General Documentation).pc3,ISO full bleed A4 (210.00 x 297.00 MM),1:1,
C:\Users\amand\OneDrive\Backups\17. Madhav Automotive\7. Grooving Servo Machine\4. Drawing and Manual\Groove cutting machine drawing (1).dwg,Page 10,08-04-2024 14:14:37,amand,AutoCAD PDF (General Documentation).pc3,ISO full bleed A4 (210.00 x 297.00 MM),1:1,
C:\Users\amand\OneDrive\Backups\17. Madhav Automotive\7. Grooving Servo Machine\4. Drawing and Manual\Groove cutting machine drawing (1).dwg,Page 11,08-04-2024 14:14:37,amand,AutoCAD PDF (General Documentation).pc3,ISO A4 (210.00 x 297.00 MM),1:1,
C:\Users\amand\OneDrive\Backups\17. Madhav Automotive\7. Grooving Servo Machine\4. Drawing and Manual\Groove cutting machine drawing (1).dwg,Page 12,08-04-2024 14:14:38,amand,AutoCAD PDF (General Documentation).pc3,ISO full bleed A4 (210.00 x 297.00 MM),1:1,
C:\Users\amand\OneDrive\Backups\17. Madhav Automotive\7. Grooving Servo Machine\4. Drawing and Manual\Groove cutting machine drawing (1).dwg,Page 13 (2),04-05-2024 17:40:39,amand,AutoCAD PDF (General Documentation).pc3,ISO full bleed A4 (210.00 x 297.00 MM),1:1,
C:\Users\amand\OneDrive\Backups\17. Madhav Automotive\7. Grooving Servo Machine\4. Drawing and Manual\Groove cutting machine drawing (1).dwg,TITLE,04-05-2024 17:40:39,amand,AutoCAD PDF (General Documentation).pc3,ISO A4 (210.00 x 297.00 MM),1:1,
C:\Users\amand\OneDrive\Backups\17. Madhav Automotive\7. Grooving Servo Machine\4. Drawing and Manual\Groove cutting machine drawing (1).dwg,Contents,04-05-2024 17:40:39,amand,AutoCAD PDF (General Documentation).pc3,ISO A4 (210.00 x 297.00 MM),1:1,
C:\Users\amand\OneDrive\Backups\17. Madhav Automotive\7. Grooving Servo Machine\4. Drawing and Manual\Groove cutting machine drawing (1).dwg,Page 1,04-05-2024 17:40:39,amand,AutoCAD PDF (General Documentation).pc3,ISO A4 (210.00 x 297.00 MM),1:1,
C:\Users\amand\OneDrive\Backups\17. Madhav Automotive\7. Grooving Servo Machine\4. Drawing and Manual\Groove cutting machine drawing (1).dwg,Page 2,04-05-2024 17:40:40,amand,AutoCAD PDF (General Documentation).pc3,ISO A4 (210.00 x 297.00 MM),1:1,
C:\Users\amand\OneDrive\Backups\17. Madhav Automotive\7. Grooving Servo Machine\4. Drawing and Manual\Groove cutting machine drawing (1).dwg,Page 3,04-05-2024 17:40:41,amand,AutoCAD PDF (General Documentation).pc3,ISO A4 (210.00 x 297.00 MM),1:1,
C:\Users\amand\OneDrive\Backups\17. Madhav Automotive\7. Grooving Servo Machine\4. Drawing and Manual\Groove cutting machine drawing (1).dwg,Page 4,04-05-2024 17:40:41,amand,AutoCAD PDF (General Documentation).pc3,ISO A4 (210.00 x 297.00 MM),1:1,
C:\Users\amand\OneDrive\Backups\17. Madhav Automotive\7. Grooving Servo Machine\4. Drawing and Manual\Groove cutting machine drawing (1).dwg,Page 5,04-05-2024 17:40:41,amand,AutoCAD PDF (General Documentation).pc3,ISO A4 (210.00 x 297.00 MM),1:1,
C:\Users\amand\OneDrive\Backups\17. Madhav Automotive\7. Grooving Servo Machine\4. Drawing and Manual\Groove cutting machine drawing (1).dwg,Page 6,04-05-2024 17:40:41,amand,AutoCAD PDF (General Documentation).pc3,ISO A4 (210.00 x 297.00 MM),1:1,
C:\Users\amand\OneDrive\Backups\17. Madhav Automotive\7. Grooving Servo Machine\4. Drawing and Manual\Groove cutting machine drawing (1).dwg,Page 7,04-05-2024 17:40:42,amand,AutoCAD PDF (General Documentation).pc3,ISO full bleed A4 (210.00 x 297.00 MM),1:1,
C:\Users\amand\OneDrive\Backups\17. Madhav Automotive\7. Grooving Servo Machine\4. Drawing and Manual\Groove cutting machine drawing (1).dwg,Page 8,04-05-2024 17:40:42,amand,AutoCAD PDF (General Documentation).pc3,ISO full bleed A4 (210.00 x 297.00 MM),1:1,
C:\Users\amand\OneDrive\Backups\17. Madhav Automotive\7. Grooving Servo Machine\4. Drawing and Manual\Groove cutting machine drawing (1).dwg,Page 9,04-05-2024 17:40:43,amand,AutoCAD PDF (General Documentation).pc3,ISO full bleed A4 (210.00 x 297.00 MM),1:1,
C:\Users\amand\OneDrive\Backups\17. Madhav Automotive\7. Grooving Servo Machine\4. Drawing and Manual\Groove cutting machine drawing (1).dwg,Page 10,04-05-2024 17:40:43,amand,AutoCAD PDF (General Documentation).pc3,ISO full bleed A4 (210.00 x 297.00 MM),1:1,
C:\Users\amand\OneDrive\Backups\17. Madhav Automotive\7. Grooving Servo Machine\4. Drawing and Manual\Groove cutting machine drawing (1).dwg,Page 11,04-05-2024 17:40:43,amand,AutoCAD PDF (General Documentation).pc3,ISO A4 (210.00 x 297.00 MM),1:1,
C:\Users\amand\OneDrive\Backups\17. Madhav Automotive\7. Grooving Servo Machine\4. Drawing and Manual\Groove cutting machine drawing (1).dwg,Page 12,04-05-2024 17:40:43,amand,AutoCAD PDF (General Documentation).pc3,ISO full bleed A4 (210.00 x 297.00 MM),1:1,
C:\Users\amand\OneDrive\Backups\17. Madhav Automotive\7. Grooving Servo Machine\4. Drawing and Manual\Groove cutting machine drawing (1).dwg,TITLE,04-05-2024 17:52:19,amand,AutoCAD PDF (General Documentation).pc3,ISO A4 (210.00 x 297.00 MM),1:1,
C:\Users\amand\OneDrive\Backups\17. Madhav Automotive\7. Grooving Servo Machine\4. Drawing and Manual\Groove cutting machine drawing (1).dwg,Contents,04-05-2024 17:52:19,amand,AutoCAD PDF (General Documentation).pc3,ISO A4 (210.00 x 297.00 MM),1:1,
C:\Users\amand\OneDrive\Backups\17. Madhav Automotive\7. Grooving Servo Machine\4. Drawing and Manual\Groove cutting machine drawing (1).dwg,Page 1,04-05-2024 17:52:20,amand,AutoCAD PDF (General Documentation).pc3,ISO A4 (210.00 x 297.00 MM),1:1,
C:\Users\amand\OneDrive\Backups\17. Madhav Automotive\7. Grooving Servo Machine\4. Drawing and Manual\Groove cutting machine drawing (1).dwg,Page 2,04-05-2024 17:52:20,amand,AutoCAD PDF (General Documentation).pc3,ISO A4 (210.00 x 297.00 MM),1:1,
C:\Users\amand\OneDrive\Backups\17. Madhav Automotive\7. Grooving Servo Machine\4. Drawing and Manual\Groove cutting machine drawing (1).dwg,Page 3,04-05-2024 17:52:21,amand,AutoCAD PDF (General Documentation).pc3,ISO A4 (210.00 x 297.00 MM),1:1,
C:\Users\amand\OneDrive\Backups\17. Madhav Automotive\7. Grooving Servo Machine\4. Drawing and Manual\Groove cutting machine drawing (1).dwg,Page 4,04-05-2024 17:52:21,amand,AutoCAD PDF (General Documentation).pc3,ISO A4 (210.00 x 297.00 MM),1:1,
C:\Users\amand\OneDrive\Backups\17. Madhav Automotive\7. Grooving Servo Machine\4. Drawing and Manual\Groove cutting machine drawing (1).dwg,Page 5,04-05-2024 17:52:22,amand,AutoCAD PDF (General Documentation).pc3,ISO A4 (210.00 x 297.00 MM),1:1,
C:\Users\amand\OneDrive\Backups\17. Madhav Automotive\7. Grooving Servo Machine\4. Drawing and Manual\Groove cutting machine drawing (1).dwg,Page 6,04-05-2024 17:52:22,amand,AutoCAD PDF (General Documentation).pc3,ISO A4 (210.00 x 297.00 MM),1:1,
C:\Users\amand\OneDrive\Backups\17. Madhav Automotive\7. Grooving Servo Machine\4. Drawing and Manual\Groove cutting machine drawing (1).dwg,Page 7,04-05-2024 17:52:23,amand,AutoCAD PDF (General Documentation).pc3,ISO full bleed A4 (210.00 x 297.00 MM),1:1,
C:\Users\amand\OneDrive\Backups\17. Madhav Automotive\7. Grooving Servo Machine\4. Drawing and Manual\Groove cutting machine drawing (1).dwg,Page 8,04-05-2024 17:52:23,amand,AutoCAD PDF (General Documentation).pc3,ISO full bleed A4 (210.00 x 297.00 MM),1:1,
C:\Users\amand\OneDrive\Backups\17. Madhav Automotive\7. Grooving Servo Machine\4. Drawing and Manual\Groove cutting machine drawing (1).dwg,Page 9,04-05-2024 17:52:23,amand,AutoCAD PDF (General Documentation).pc3,ISO full bleed A4 (210.00 x 297.00 MM),1:1,
C:\Users\amand\OneDrive\Backups\17. Madhav Automotive\7. Grooving Servo Machine\4. Drawing and Manual\Groove cutting machine drawing (1).dwg,Page 10,04-05-2024 17:52:24,amand,AutoCAD PDF (General Documentation).pc3,ISO full bleed A4 (210.00 x 297.00 MM),1:1,
C:\Users\amand\OneDrive\Backups\17. Madhav Automotive\7. Grooving Servo Machine\4. Drawing and Manual\Groove cutting machine drawing (1).dwg,Page 11,04-05-2024 17:52:24,amand,AutoCAD PDF (General Documentation).pc3,ISO A4 (210.00 x 297.00 MM),1:1,
C:\Users\amand\OneDrive\Backups\17. Madhav Automotive\7. Grooving Servo Machine\4. Drawing and Manual\Groove cutting machine drawing (1).dwg,Page 12,04-05-2024 17:52:24,amand,AutoCAD PDF (General Documentation).pc3,ISO full bleed A4 (210.00 x 297.00 MM),1:1,
C:\Users\amand\OneDrive\Backups\17. Madhav Automotive\7. Grooving Servo Machine\4. Drawing and Manual\Groove cutting machine drawing (1).dwg,TITLE,04-05-2024 17:57:12,amand,AutoCAD PDF (General Documentation).pc3,ISO A4 (210.00 x 297.00 MM),1:1,
C:\Users\amand\OneDrive\Backups\17. Madhav Automotive\7. Grooving Servo Machine\4. Drawing and Manual\Groove cutting machine drawing (1).dwg,Contents,04-05-2024 17:57:13,amand,AutoCAD PDF (General Documentation).pc3,ISO A4 (210.00 x 297.00 MM),1:1,
C:\Users\amand\OneDrive\Backups\17. Madhav Automotive\7. Grooving Servo Machine\4. Drawing and Manual\Groove cutting machine drawing (1).dwg,Page 1,04-05-2024 17:57:13,amand,AutoCAD PDF (General Documentation).pc3,ISO A4 (210.00 x 297.00 MM),1:1,
C:\Users\amand\OneDrive\Backups\17. Madhav Automotive\7. Grooving Servo Machine\4. Drawing and Manual\Groove cutting machine drawing (1).dwg,Page 2,04-05-2024 17:57:13,amand,AutoCAD PDF (General Documentation).pc3,ISO A4 (210.00 x 297.00 MM),1:1,
C:\Users\amand\OneDrive\Backups\17. Madhav Automotive\7. Grooving Servo Machine\4. Drawing and Manual\Groove cutting machine drawing (1).dwg,Page 3,04-05-2024 17:57:14,amand,AutoCAD PDF (General Documentation).pc3,ISO A4 (210.00 x 297.00 MM),1:1,
C:\Users\amand\OneDrive\Backups\17. Madhav Automotive\7. Grooving Servo Machine\4. Drawing and Manual\Groove cutting machine drawing (1).dwg,Page 4,04-05-2024 17:57:14,amand,AutoCAD PDF (General Documentation).pc3,ISO A4 (210.00 x 297.00 MM),1:1,
C:\Users\amand\OneDrive\Backups\17. Madhav Automotive\7. Grooving Servo Machine\4. Drawing and Manual\Groove cutting machine drawing (1).dwg,Page 5,04-05-2024 17:57:15,amand,AutoCAD PDF (General Documentation).pc3,ISO A4 (210.00 x 297.00 MM),1:1,
C:\Users\amand\OneDrive\Backups\17. Madhav Automotive\7. Grooving Servo Machine\4. Drawing and Manual\Groove cutting machine drawing (1).dwg,Page 6,04-05-2024 17:57:15,amand,AutoCAD PDF (General Documentation).pc3,ISO A4 (210.00 x 297.00 MM),1:1,
C:\Users\amand\OneDrive\Backups\17. Madhav Automotive\7. Grooving Servo Machine\4. Drawing and Manual\Groove cutting machine drawing (1).dwg,Page 7,04-05-2024 17:57:16,amand,AutoCAD PDF (General Documentation).pc3,ISO full bleed A4 (210.00 x 297.00 MM),1:1,
C:\Users\amand\OneDrive\Backups\17. Madhav Automotive\7. Grooving Servo Machine\4. Drawing and Manual\Groove cutting machine drawing (1).dwg,Page 8,04-05-2024 17:57:16,amand,AutoCAD PDF (General Documentation).pc3,ISO full bleed A4 (210.00 x 297.00 MM),1:1,
C:\Users\amand\OneDrive\Backups\17. Madhav Automotive\7. Grooving Servo Machine\4. Drawing and Manual\Groove cutting machine drawing (1).dwg,Page 9,04-05-2024 17:57:16,amand,AutoCAD PDF (General Documentation).pc3,ISO full bleed A4 (210.00 x 297.00 MM),1:1,
C:\Users\amand\OneDrive\Backups\17. Madhav Automotive\7. Grooving Servo Machine\4. Drawing and Manual\Groove cutting machine drawing (1).dwg,Page 10,04-05-2024 17:57:17,amand,AutoCAD PDF (General Documentation).pc3,ISO full bleed A4 (210.00 x 297.00 MM),1:1,
C:\Users\amand\OneDrive\Backups\17. Madhav Automotive\7. Grooving Servo Machine\4. Drawing and Manual\Groove cutting machine drawing (1).dwg,Page 11,04-05-2024 17:57:17,amand,AutoCAD PDF (General Documentation).pc3,ISO A4 (210.00 x 297.00 MM),1:1,
C:\Users\amand\OneDrive\Backups\17. Madhav Automotive\7. Grooving Servo Machine\4. Drawing and Manual\Groove cutting machine drawing (1).dwg,Page 12,04-05-2024 17:57:17,amand,AutoCAD PDF (General Documentation).pc3,ISO full bleed A4 (210.00 x 297.00 MM),1:1,
C:\Users\amand\OneDrive\Backups\17. Madhav Automotive\7. Grooving Servo Machine\4. Drawing and Manual\Groove cutting machine drawing (1).dwg,TITLE,04-05-2024 18:06:24,amand,AutoCAD PDF (General Documentation).pc3,ISO A4 (210.00 x 297.00 MM),1:1,
C:\Users\amand\OneDrive\Backups\17. Madhav Automotive\7. Grooving Servo Machine\4. Drawing and Manual\Groove cutting machine drawing (1).dwg,Contents,04-05-2024 18:06:24,amand,AutoCAD PDF (General Documentation).pc3,ISO A4 (210.00 x 297.00 MM),1:1,
C:\Users\amand\OneDrive\Backups\17. Madhav Automotive\7. Grooving Servo Machine\4. Drawing and Manual\Groove cutting machine drawing (1).dwg,Page 1,04-05-2024 18:06:25,amand,AutoCAD PDF (General Documentation).pc3,ISO A4 (210.00 x 297.00 MM),1:1,
C:\Users\amand\OneDrive\Backups\17. Madhav Automotive\7. Grooving Servo Machine\4. Drawing and Manual\Groove cutting machine drawing (1).dwg,Page 2,04-05-2024 18:06:25,amand,AutoCAD PDF (General Documentation).pc3,ISO A4 (210.00 x 297.00 MM),1:1,
C:\Users\amand\OneDrive\Backups\17. Madhav Automotive\7. Grooving Servo Machine\4. Drawing and Manual\Groove cutting machine drawing (1).dwg,Page 3,04-05-2024 18:06:26,amand,AutoCAD PDF (General Documentation).pc3,ISO A4 (210.00 x 297.00 MM),1:1,
C:\Users\amand\OneDrive\Backups\17. Madhav Automotive\7. Grooving Servo Machine\4. Drawing and Manual\Groove cutting machine drawing (1).dwg,Page 4,04-05-2024 18:06:26,amand,AutoCAD PDF (General Documentation).pc3,ISO A4 (210.00 x 297.00 MM),1:1,
C:\Users\amand\OneDrive\Backups\17. Madhav Automotive\7. Grooving Servo Machine\4. Drawing and Manual\Groove cutting machine drawing (1).dwg,Page 5,04-05-2024 18:06:26,amand,AutoCAD PDF (General Documentation).pc3,ISO A4 (210.00 x 297.00 MM),1:1,
C:\Users\amand\OneDrive\Backups\17. Madhav Automotive\7. Grooving Servo Machine\4. Drawing and Manual\Groove cutting machine drawing (1).dwg,Page 6,04-05-2024 18:06:27,amand,AutoCAD PDF (General Documentation).pc3,ISO A4 (210.00 x 297.00 MM),1:1,
C:\Users\amand\OneDrive\Backups\17. Madhav Automotive\7. Grooving Servo Machine\4. Drawing and Manual\Groove cutting machine drawing (1).dwg,Page 7,04-05-2024 18:06:27,amand,AutoCAD PDF (General Documentation).pc3,ISO full bleed A4 (210.00 x 297.00 MM),1:1,
C:\Users\amand\OneDrive\Backups\17. Madhav Automotive\7. Grooving Servo Machine\4. Drawing and Manual\Groove cutting machine drawing (1).dwg,Page 8,04-05-2024 18:06:27,amand,AutoCAD PDF (General Documentation).pc3,ISO full bleed A4 (210.00 x 297.00 MM),1:1,
C:\Users\amand\OneDrive\Backups\17. Madhav Automotive\7. Grooving Servo Machine\4. Drawing and Manual\Groove cutting machine drawing (1).dwg,Page 9,04-05-2024 18:06:28,amand,AutoCAD PDF (General Documentation).pc3,ISO full bleed A4 (210.00 x 297.00 MM),1:1,
C:\Users\amand\OneDrive\Backups\17. Madhav Automotive\7. Grooving Servo Machine\4. Drawing and Manual\Groove cutting machine drawing (1).dwg,Page 10,04-05-2024 18:06:28,amand,AutoCAD PDF (General Documentation).pc3,ISO full bleed A4 (210.00 x 297.00 MM),1:1,
C:\Users\amand\OneDrive\Backups\17. Madhav Automotive\7. Grooving Servo Machine\4. Drawing and Manual\Groove cutting machine drawing (1).dwg,Page 11,04-05-2024 18:06:28,amand,AutoCAD PDF (General Documentation).pc3,ISO A4 (210.00 x 297.00 MM),1:1,
C:\Users\amand\OneDrive\Backups\17. Madhav Automotive\7. Grooving Servo Machine\4. Drawing and Manual\Groove cutting machine drawing (1).dwg,Page 12,04-05-2024 18:06:29,amand,AutoCAD PDF (General Documentation).pc3,ISO full bleed A4 (210.00 x 297.00 MM),1:1,
C:\Users\amand\OneDrive\Backups\17. Madhav Automotive\7. Grooving Servo Machine\4. Drawing and Manual\Groove cutting machine drawing (1).dwg,TITLE,04-05-2024 18:09:37,amand,AutoCAD PDF (General Documentation).pc3,ISO A4 (210.00 x 297.00 MM),1:1,
C:\Users\amand\OneDrive\Backups\17. Madhav Automotive\7. Grooving Servo Machine\4. Drawing and Manual\Groove cutting machine drawing (1).dwg,Contents,04-05-2024 18:09:38,amand,AutoCAD PDF (General Documentation).pc3,ISO A4 (210.00 x 297.00 MM),1:1,
C:\Users\amand\OneDrive\Backups\17. Madhav Automotive\7. Grooving Servo Machine\4. Drawing and Manual\Groove cutting machine drawing (1).dwg,Page 1,04-05-2024 18:09:38,amand,AutoCAD PDF (General Documentation).pc3,ISO A4 (210.00 x 297.00 MM),1:1,
C:\Users\amand\OneDrive\Backups\17. Madhav Automotive\7. Grooving Servo Machine\4. Drawing and Manual\Groove cutting machine drawing (1).dwg,Page 2,04-05-2024 18:09:38,amand,AutoCAD PDF (General Documentation).pc3,ISO A4 (210.00 x 297.00 MM),1:1,
C:\Users\amand\OneDrive\Backups\17. Madhav Automotive\7. Grooving Servo Machine\4. Drawing and Manual\Groove cutting machine drawing (1).dwg,Page 3,04-05-2024 18:09:39,amand,AutoCAD PDF (General Documentation).pc3,ISO A4 (210.00 x 297.00 MM),1:1,
C:\Users\amand\OneDrive\Backups\17. Madhav Automotive\7. Grooving Servo Machine\4. Drawing and Manual\Groove cutting machine drawing (1).dwg,Page 4,04-05-2024 18:09:39,amand,AutoCAD PDF (General Documentation).pc3,ISO A4 (210.00 x 297.00 MM),1:1,
C:\Users\amand\OneDrive\Backups\17. Madhav Automotive\7. Grooving Servo Machine\4. Drawing and Manual\Groove cutting machine drawing (1).dwg,Page 5,04-05-2024 18:09:40,amand,AutoCAD PDF (General Documentation).pc3,ISO A4 (210.00 x 297.00 MM),1:1,
C:\Users\amand\OneDrive\Backups\17. Madhav Automotive\7. Grooving Servo Machine\4. Drawing and Manual\Groove cutting machine drawing (1).dwg,Page 6,04-05-2024 18:09:40,amand,AutoCAD PDF (General Documentation).pc3,ISO A4 (210.00 x 297.00 MM),1:1,
C:\Users\amand\OneDrive\Backups\17. Madhav Automotive\7. Grooving Servo Machine\4. Drawing and Manual\Groove cutting machine drawing (1).dwg,Page 7,04-05-2024 18:09:40,amand,AutoCAD PDF (General Documentation).pc3,ISO full bleed A4 (210.00 x 297.00 MM),1:1,
C:\Users\amand\OneDrive\Backups\17. Madhav Automotive\7. Grooving Servo Machine\4. Drawing and Manual\Groove cutting machine drawing (1).dwg,Page 8,04-05-2024 18:09:41,amand,AutoCAD PDF (General Documentation).pc3,ISO full bleed A4 (210.00 x 297.00 MM),1:1,
C:\Users\amand\OneDrive\Backups\17. Madhav Automotive\7. Grooving Servo Machine\4. Drawing and Manual\Groove cutting machine drawing (1).dwg,Page 9,04-05-2024 18:09:41,amand,AutoCAD PDF (General Documentation).pc3,ISO full bleed A4 (210.00 x 297.00 MM),1:1,
C:\Users\amand\OneDrive\Backups\17. Madhav Automotive\7. Grooving Servo Machine\4. Drawing and Manual\Groove cutting machine drawing (1).dwg,Page 10,04-05-2024 18:09:41,amand,AutoCAD PDF (General Documentation).pc3,ISO full bleed A4 (210.00 x 297.00 MM),1:1,
C:\Users\amand\OneDrive\Backups\17. Madhav Automotive\7. Grooving Servo Machine\4. Drawing and Manual\Groove cutting machine drawing (1).dwg,Page 11,04-05-2024 18:09:41,amand,AutoCAD PDF (General Documentation).pc3,ISO A4 (210.00 x 297.00 MM),1:1,
C:\Users\amand\OneDrive\Backups\17. Madhav Automotive\7. Grooving Servo Machine\4. Drawing and Manual\Groove cutting machine drawing (1).dwg,Page 12,04-05-2024 18:09:42,amand,AutoCAD PDF (General Documentation).pc3,ISO full bleed A4 (210.00 x 297.00 MM),1:1,
